# JRE version: Java(TM) SE Runtime Environment (7.0_79-b15) (build 1.7.0_79-b15)
# Java VM: Java HotSpot(TM) 64-Bit Server VM (24.79-b02 mixed mode windows-amd64 compressed oops)
Heap
 PSYoungGen      total 86016K, used 25K [0x00000000eb500000, 0x00000000f2300000, 0x0000000100000000)
  eden space 69120K, 0% used [0x00000000eb500000,0x00000000eb5065f0,0x00000000ef880000)
  from space 16896K, 0% used [0x00000000f0880000,0x00000000f0880000,0x00000000f1900000)
  to   space 16384K, 0% used [0x00000000ef880000,0x00000000ef880000,0x00000000f0880000)
 ParOldGen       total 676864K, used 604237K [0x00000000c2000000, 0x00000000eb500000, 0x00000000eb500000)
  object space 676864K, 89% used [0x00000000c2000000,0x00000000e6e136e0,0x00000000eb500000)
 PSPermGen       total 26624K, used 12867K [0x00000000bce00000, 0x00000000be800000, 0x00000000c2000000)
  object space 26624K, 48% used [0x00000000bce00000,0x00000000bda90e60,0x00000000be800000)
GC Heap History (10 events):
Event: 17.481 GC heap before
{Heap before GC invocations=10 (full 2):
 PSYoungGen      total 69632K, used 36926K [0x00000000eb500000, 0x00000000f0f80000, 0x0000000100000000)
  eden space 51712K, 71% used [0x00000000eb500000,0x00000000ed907860,0x00000000ee780000)
  from space 17920K, 0% used [0x00000000ee780000,0x00000000ee788000,0x00000000ef900000)
  to   space 17408K, 0% used [0x00000000efe80000,0x00000000efe80000,0x00000000f0f80000)
 ParOldGen       total 130560K, used 92527K [0x00000000c2000000, 0x00000000c9f80000, 0x00000000eb500000)
  object space 130560K, 70% used [0x00000000c2000000,0x00000000c7a5bcf8,0x00000000c9f80000)
 PSPermGen       total 29184K, used 12867K [0x00000000bce00000, 0x00000000bea80000, 0x00000000c2000000)
  object space 29184K, 44% used [0x00000000bce00000,0x00000000bda90c40,0x00000000bea80000)
Event: 17.492 GC heap after
Heap after GC invocations=10 (full 2):
 PSYoungGen      total 75264K, used 64K [0x00000000eb500000, 0x00000000f1e80000, 0x0000000100000000)
  eden space 57856K, 0% used [0x00000000eb500000,0x00000000eb500000,0x00000000eed80000)
  from space 17408K, 0% used [0x00000000efe80000,0x00000000efe90000,0x00000000f0f80000)
  to   space 17408K, 0% used [0x00000000eed80000,0x00000000eed80000,0x00000000efe80000)
 ParOldGen       total 130560K, used 110959K [0x00000000c2000000, 0x00000000c9f80000, 0x00000000eb500000)
  object space 130560K, 84% used [0x00000000c2000000,0x00000000c8c5bd08,0x00000000c9f80000)
 PSPermGen       total 29184K, used 12867K [0x00000000bce00000, 0x00000000bea80000, 0x00000000c2000000)
  object space 29184K, 44% used [0x00000000bce00000,0x00000000bda90c40,0x00000000bea80000)
}
Event: 17.492 GC heap before
{Heap before GC invocations=11 (full 3):
 PSYoungGen      total 75264K, used 64K [0x00000000eb500000, 0x00000000f1e80000, 0x0000000100000000)
  eden space 57856K, 0% used [0x00000000eb500000,0x00000000eb500000,0x00000000eed80000)
  from space 17408K, 0% used [0x00000000efe80000,0x00000000efe90000,0x00000000f0f80000)
  to   space 17408K, 0% used [0x00000000eed80000,0x00000000eed80000,0x00000000efe80000)
 ParOldGen       total 130560K, used 110959K [0x00000000c2000000, 0x00000000c9f80000, 0x00000000eb500000)
  object space 130560K, 84% used [0x00000000c2000000,0x00000000c8c5bd08,0x00000000c9f80000)
 PSPermGen       total 29184K, used 12867K [0x00000000bce00000, 0x00000000bea80000, 0x00000000c2000000)
  object space 29184K, 44% used [0x00000000bce00000,0x00000000bda90c40,0x00000000bea80000)
Event: 17.577 GC heap after
Heap after GC invocations=11 (full 3):
 PSYoungGen      total 75264K, used 0K [0x00000000eb500000, 0x00000000f1e80000, 0x0000000100000000)
  eden space 57856K, 0% used [0x00000000eb500000,0x00000000eb500000,0x00000000eed80000)
  from space 17408K, 0% used [0x00000000efe80000,0x00000000efe80000,0x00000000f0f80000)
  to   space 17408K, 0% used [0x00000000eed80000,0x00000000eed80000,0x00000000efe80000)
 ParOldGen       total 167936K, used 96069K [0x00000000c2000000, 0x00000000cc400000, 0x00000000eb500000)
  object space 167936K, 57% used [0x00000000c2000000,0x00000000c7dd1638,0x00000000cc400000)
 PSPermGen       total 28160K, used 12867K [0x00000000bce00000, 0x00000000be980000, 0x00000000c2000000)
  object space 28160K, 45% used [0x00000000bce00000,0x00000000bda90c40,0x00000000be980000)
}
Event: 19.287 GC heap before
{Heap before GC invocations=12 (full 3):
 PSYoungGen      total 75264K, used 55547K [0x00000000eb500000, 0x00000000f1e80000, 0x0000000100000000)
  eden space 57856K, 96% used [0x00000000eb500000,0x00000000eeb3ec60,0x00000000eed80000)
  from space 17408K, 0% used [0x00000000efe80000,0x00000000efe80000,0x00000000f0f80000)
  to   space 17408K, 0% used [0x00000000eed80000,0x00000000eed80000,0x00000000efe80000)
 ParOldGen       total 676864K, used 576325K [0x00000000c2000000, 0x00000000eb500000, 0x00000000eb500000)
  object space 676864K, 85% used [0x00000000c2000000,0x00000000e52d16b8,0x00000000eb500000)
 PSPermGen       total 28160K, used 12867K [0x00000000bce00000, 0x00000000be980000, 0x00000000c2000000)
  object space 28160K, 45% used [0x00000000bce00000,0x00000000bda90c40,0x00000000be980000)
Event: 19.294 GC heap after
Heap after GC invocations=12 (full 3):
 PSYoungGen      total 75264K, used 32K [0x00000000eb500000, 0x00000000f1900000, 0x0000000100000000)
  eden space 57856K, 0% used [0x00000000eb500000,0x00000000eb500000,0x00000000eed80000)
  from space 17408K, 0% used [0x00000000eed80000,0x00000000eed88000,0x00000000efe80000)
  to   space 16896K, 0% used [0x00000000f0880000,0x00000000f0880000,0x00000000f1900000)
 ParOldGen       total 676864K, used 576325K [0x00000000c2000000, 0x00000000eb500000, 0x00000000eb500000)
  object space 676864K, 85% used [0x00000000c2000000,0x00000000e52d16b8,0x00000000eb500000)
 PSPermGen       total 28160K, used 12867K [0x00000000bce00000, 0x00000000be980000, 0x00000000c2000000)
  object space 28160K, 45% used [0x00000000bce00000,0x00000000bda90c40,0x00000000be980000)
}
Event: 19.294 GC heap before
{Heap before GC invocations=13 (full 3):
 PSYoungGen      total 75264K, used 32K [0x00000000eb500000, 0x00000000f1900000, 0x0000000100000000)
  eden space 57856K, 0% used [0x00000000eb500000,0x00000000eb500000,0x00000000eed80000)
  from space 17408K, 0% used [0x00000000eed80000,0x00000000eed88000,0x00000000efe80000)
  to   space 16896K, 0% used [0x00000000f0880000,0x00000000f0880000,0x00000000f1900000)
 ParOldGen       total 676864K, used 576325K [0x00000000c2000000, 0x00000000eb500000, 0x00000000eb500000)
  object space 676864K, 85% used [0x00000000c2000000,0x00000000e52d16b8,0x00000000eb500000)
 PSPermGen       total 28160K, used 12867K [0x00000000bce00000, 0x00000000be980000, 0x00000000c2000000)
  object space 28160K, 45% used [0x00000000bce00000,0x00000000bda90c40,0x00000000be980000)
Event: 19.301 GC heap after
Heap after GC invocations=13 (full 3):
 PSYoungGen      total 86016K, used 32K [0x00000000eb500000, 0x00000000f2300000, 0x0000000100000000)
  eden space 69120K, 0% used [0x00000000eb500000,0x00000000eb500000,0x00000000ef880000)
  from space 16896K, 0% used [0x00000000f0880000,0x00000000f0888000,0x00000000f1900000)
  to   space 16384K, 0% used [0x00000000ef880000,0x00000000ef880000,0x00000000f0880000)
 ParOldGen       total 676864K, used 576325K [0x00000000c2000000, 0x00000000eb500000, 0x00000000eb500000)
  object space 676864K, 85% used [0x00000000c2000000,0x00000000e52d16b8,0x00000000eb500000)
 PSPermGen       total 28160K, used 12867K [0x00000000bce00000, 0x00000000be980000, 0x00000000c2000000)
  object space 28160K, 45% used [0x00000000bce00000,0x00000000bda90c40,0x00000000be980000)
}
Event: 19.301 GC heap before
{Heap before GC invocations=14 (full 4):
 PSYoungGen      total 86016K, used 32K [0x00000000eb500000, 0x00000000f2300000, 0x0000000100000000)
  eden space 69120K, 0% used [0x00000000eb500000,0x00000000eb500000,0x00000000ef880000)
  from space 16896K, 0% used [0x00000000f0880000,0x00000000f0888000,0x00000000f1900000)
  to   space 16384K, 0% used [0x00000000ef880000,0x00000000ef880000,0x00000000f0880000)
 ParOldGen       total 676864K, used 576325K [0x00000000c2000000, 0x00000000eb500000, 0x00000000eb500000)
  object space 676864K, 85% used [0x00000000c2000000,0x00000000e52d16b8,0x00000000eb500000)
 PSPermGen       total 28160K, used 12867K [0x00000000bce00000, 0x00000000be980000, 0x00000000c2000000)
  object space 28160K, 45% used [0x00000000bce00000,0x00000000bda90c40,0x00000000be980000)
Event: 19.436 GC heap after
Heap after GC invocations=14 (full 4):
 PSYoungGen      total 86016K, used 0K [0x00000000eb500000, 0x00000000f2300000, 0x0000000100000000)
  eden space 69120K, 0% used [0x00000000eb500000,0x00000000eb500000,0x00000000ef880000)
  from space 16896K, 0% used [0x00000000f0880000,0x00000000f0880000,0x00000000f1900000)
  to   space 16384K, 0% used [0x00000000ef880000,0x00000000ef880000,0x00000000f0880000)
 ParOldGen       total 388608K, used 309325K [0x00000000c2000000, 0x00000000d9b80000, 0x00000000eb500000)
  object space 388608K, 79% used [0x00000000c2000000,0x00000000d4e136d0,0x00000000d9b80000)
 PSPermGen       total 26624K, used 12867K [0x00000000bce00000, 0x00000000be800000, 0x00000000c2000000)
  object space 26624K, 48% used [0x00000000bce00000,0x00000000bda90c40,0x00000000be800000)
}

